



     ==============================================================================
     |                                                                            |
     |                                                                            |
     |             _____ ___ ____  ____   _    ____ _____    ___ ___              |
     |            |  ___|_ _/ ___||  _ \ / \  / ___|_   _|  |_ _|_ _|             |
     |            | |_   | |\___ \| |_) / _ \| |     | |_____| | | |              |
     |            |  _|  | | ___) |  __/ ___ \ |___  | |_____| | | |              |
     |            |_|   |___|____/|_| /_/   \_\____| |_|    |___|___|             |
     |                                                                            |
     |                            F I S P A C T - I I                             |
     |                            -------------------                             |
     |                                                                            |
     |                  Transmutation-Activation Inventory Code                   |
     |                   United Kingdom Atomic Energy Authority                   |
     |                                                                            |
     |                         Release 4.0 January 2018                           |
     |             Copyright (c) 2009-18, UK Atomic Energy Authority              |
     |                                                                            |
     ==============================================================================



1




     =========================================================================================================
     |                                                                                                       |
     |                      R U N   I D E N T I F I C A T I O N   I N F O R M A T I O N                      |
     |                                                                                                       |
     | INITIAL CROSS SECTION DATA                                                                            |
     | Collapsed library timestamp: 12:42:28 13 January 2018                                                 |
     | EAF source library label:                                                                             |
     | FLUX file label:             Position #3 Normalization Factor                                         |
     |                                                                                                       |
     | DECAY DATA                                                                                            |
     | Condensed library timestamp: 12:42:54 13 January 2018                                                 |
     | EAF source library label:    Decay input from separate files                                          |
     |                                                                                                       |
     | THIS RUN                                                                                              |
     | timestamp:                   12:44:01 13 January 2018                                                 |
     | fileroot :                   simulation5                                                              |
     | name of FILES file:          files                                                                    |
     | FISPACT title:               * 1 PPM OF CO IN FE EEF FW 1.0 MW/M2                                     |
     |                                                                                                       |
     | See the simulation5.log file                                                                          |
     | and summary details at the end of this file for further information on files used by this run         |
     |                                                                                                       |
     =========================================================================================================






                                   -------------------------------------------------------------------------------
                                   | NB: IN FOLLOWING TABLES                                                     |
                                   |                         ? MEANS CONVERGENCE NOT REACHED FOR NUCLIDE         |
                                   |                         & MEANS GAMMA SPECTRUM IS APPROXIMATELY CALCULATED  |
                                   |                         # MEANS NUCLIDE IS STABLE                           |
                                   |                         > MEANS NUCLIDE WAS PRESENT BEFORE IRRADIATION      |
                                   -------------------------------------------------------------------------------
                                   |                                                                             |
                                   |                                                                             |
                                   V                                                                             V
1 * * * TIME INTERVAL   1 * * * * * * * TIME IS   0.0000E+00 SECS * * * ELAPSED TIME IS   0.000ps   * * * FLUX AMP IS  1.1168E+10 /cm^2/s  * * * * * * * * * * * * * *

  IRON keyword used
  =================

  The following initial iron target inventory has been excluded from the inventory calculation


  NUCLIDE        ATOMS         GRAMS
  Fe 54       6.30304E+23   5.646E+01
  Fe 56       9.89442E+24   9.190E+02
  Fe 57       2.28505E+23   2.160E+01
  Fe 58       3.04099E+22   2.925E+00

  Fe total    1.07836E+25   1.000E+03


  NUCLIDE        ATOMS         GRAMS        Bq       b-Energy    a-Energy   g-Energy    DOSE RATE                                                            
                                                        kW          kW         kW         Sv/hr                                                              

  Co 59    #> 1.02186E+19   1.000E-03   0.000E+00   0.000E+00   0.00E+00   0.000E+00   0.000E+00                                                            
0  TOTAL NUMBER OF NUCLIDES PRINTED IN INVENTORY =    1
0  TOTAL CURIES   TOTAL ALPHA   TOTAL BETA    TOTAL GAMMA
                  CURIE-MeV     CURIE-MeV     CURIE-MeV
   0.00000E+00   0.00000E+00   0.00000E+00   0.00000E+00
0  ALPHA BECQUERELS = 0.000000E+00  BETA BECQUERELS = 0.000000E+00  GAMMA BECQUERELS = 0.000000E+00
0  TOTAL ACTIVITY FOR ALL MATERIALS     0.00000E+00 Bq
   TOTAL ACTIVITY EXCLUDING TRITIUM     0.00000E+00 Bq
0  TOTAL ALPHA HEAT PRODUCTION          0.00000E+00 kW
   TOTAL BETA  HEAT PRODUCTION          0.00000E+00 kW
   TOTAL GAMMA HEAT PRODUCTION          0.00000E+00 kW              TOTAL HEAT PRODUCTION 0.00000E+00 kW
0  INITIAL TOTAL MASS OF MATERIAL       1.00000E+00 kg              TOTAL HEAT EX TRITIUM 0.00000E+00 kW
0  TOTAL MASS OF MATERIAL               1.00000E-06 kg
   NEUTRON  FLUX DURING INTERVAL        1.11680E+10 n/cm**2/s
0  NUMBER OF FISSIONS                   0.00000E+00                 BURN-UP OF ACTINIDES  0.00000E+00 %
0  Total Displacement Rate (n,Ddiss) =  1.83745E+07 Displacements/sec  =  1.79814E-12 Displacements Per Atom/sec  =  5.67450E-05 DPA/year
   Total Displacement Rate (n,Dinel) =  4.99844E+07 Displacements/sec  =  4.89152E-12 Displacements Per Atom/sec  =  1.54364E-04 DPA/year
   Total Displacement Rate (n,Del  ) =  6.29963E+07 Displacements/sec  =  6.16487E-12 Displacements Per Atom/sec  =  1.94548E-04 DPA/year
   Total Displacement Rate (n,Dtot ) =  2.55619E+08 Displacements/sec  =  2.50151E-11 Displacements Per Atom/sec  =  7.89416E-04 DPA/year
0  KERMA RATE (n,Kktot) =  6.64772E+11 eV/sec = 1.06508E-10 kW/kg = 8.38646E-13 kW/cm^3
   KERMA RATE (n,Kphot) =  5.03172E+11 eV/sec = 8.06170E-11 kW/kg = 6.34778E-13 kW/cm^3
   KERMA RATE (n,Kfiss) =  0.00000E+00 eV/sec = 0.00000E+00 kW/kg = 0.00000E+00 kW/cm^3
   KERMA RATE (n,Kinel) =  4.09837E+11 eV/sec = 6.56631E-11 kW/kg = 5.17031E-13 kW/cm^3
   KERMA RATE (n,Knone) =  7.06584E+11 eV/sec = 1.13207E-10 kW/kg = 8.91394E-13 kW/cm^3
   KERMA RATE (n,Kel  ) =  1.20857E+10 eV/sec = 1.93635E-12 kW/kg = 1.52468E-14 kW/cm^3
   KERMA RATE (n,Ktot ) =  7.18670E+11 eV/sec = 1.15144E-10 kW/kg = 9.06641E-13 kW/cm^3
0  GAS   RATE (n,Xa   ) =  3.55914E+03 atoms per sec =  3.48300E-10 appm/sec
   GAS   RATE (n,Xh   ) =  1.85467E-06 atoms per sec =  1.81499E-19 appm/sec
   GAS   RATE (n,Xt   ) =  2.47746E+01 atoms per sec =  2.42446E-12 appm/sec
   GAS   RATE (n,Xd   ) =  1.06371E+03 atoms per sec =  1.04096E-10 appm/sec
   GAS   RATE (n,Xp   ) =  1.32415E+04 atoms per sec =  1.29582E-09 appm/sec



                                               COMPOSITION  OF  MATERIAL  BY  ELEMENT
                                               --------------------------------------
0                                                             BETA                     GAMMA                     ALPHA
                      ATOMS      GRAM-ATOMS     GRAMS      CURIES-MeV      kW        CURIES-MeV      kW        CURIES-MeV      kW

   27       Co      1.0219E+19   1.6968E-05   1.0000E-03   0.0000E+00   0.0000E+00   0.0000E+00   0.0000E+00   0.0000E+00   0.0000E+00
1 * * * TIME INTERVAL   2 * * * * * * * TIME IS   7.8894E+07 SECS OR  2.5000E+00 YEARS * * * ELAPSED TIME IS   2.500 y   * * * FLUX AMP IS  1.1168E+10 /cm^2/s  * * *
  NUCLIDE        ATOMS         GRAMS        Bq       b-Energy    a-Energy   g-Energy    DOSE RATE                                                            
                                                        kW          kW         kW         Sv/hr                                                              

  H   1    #  1.04468E+12   1.748E-12   0.000E+00   0.000E+00   0.00E+00   0.000E+00   0.000E+00                                                            
  H   2    #  8.39206E+10   2.807E-13   0.000E+00   0.000E+00   0.00E+00   0.000E+00   0.000E+00                                                            
  H   3       1.82367E+09   9.133E-15   3.249E+00   2.971E-18   0.00E+00   0.000E+00   0.000E+00                                                            
  He  3    #  1.30897E+08   6.556E-16   0.000E+00   0.000E+00   0.00E+00   0.000E+00   0.000E+00                                                            
  He  4    #  2.80795E+11   1.866E-12   0.000E+00   0.000E+00   0.00E+00   0.000E+00   0.000E+00                                                            
  Mn 55    #  3.15045E+10   2.874E-12   0.000E+00   0.000E+00   0.00E+00   0.000E+00   0.000E+00                                                            
  Mn 56       4.23800E+07   3.937E-15   3.160E+03   4.157E-13   0.00E+00   8.658E-13   1.600E+00                                                            
  Fe 56    #> 2.49248E+11   2.315E-11   0.000E+00   0.000E+00   0.00E+00   0.000E+00   0.000E+00                                                            
  Fe 57    #> 1.95676E+09   1.850E-13   0.000E+00   0.000E+00   0.00E+00   0.000E+00   0.000E+00                                                            
  Fe 58    #> 6.12906E+12   5.896E-10   0.000E+00   0.000E+00   0.00E+00   0.000E+00   0.000E+00                                                            
  Fe 59  ?    2.63254E+10   2.576E-12   4.747E+03   9.002E-14   0.00E+00   9.042E-13   1.627E+00                                                            
  Co 57       1.47886E+05   1.398E-17   4.365E-03   1.279E-20   0.00E+00   8.757E-20   4.063E-08                                                            
  Co 58  ?    6.80529E+11   6.547E-11   7.705E+04   4.235E-13   0.00E+00   1.205E-11   1.917E+01                                                            
  Co 58m      2.18049E+09   2.098E-13   4.717E+04   1.683E-13   0.00E+00   1.373E-14   1.256E-02                                                            
  Co 59    #> 1.02186E+19   1.000E-03   0.000E+00   0.000E+00   0.00E+00   0.000E+00   0.000E+00                                                            
  Co 60       1.32400E+11   1.318E-11   5.517E+02   8.554E-15   0.00E+00   2.213E-13   4.014E-01                                                            
  Co 60m      1.09993E+06   1.095E-16   1.214E+03   1.083E-14   0.00E+00   1.320E-15   1.650E-03                                                            
  Ni 60    #  2.30920E+10   2.298E-12   0.000E+00   0.000E+00   0.00E+00   0.000E+00   0.000E+00                                                            
0  TOTAL NUMBER OF NUCLIDES PRINTED IN INVENTORY =   18
0  TOTAL CURIES   TOTAL ALPHA   TOTAL BETA    TOTAL GAMMA
                  CURIE-MeV     CURIE-MeV     CURIE-MeV
   3.61877E-06   0.00000E+00   1.88425E-07   2.37127E-06
0  ALPHA BECQUERELS = 0.000000E+00  BETA BECQUERELS = 8.551169E+04  GAMMA BECQUERELS = 4.838283E+04
0  TOTAL ACTIVITY FOR ALL MATERIALS     1.33895E+05 Bq
   TOTAL ACTIVITY EXCLUDING TRITIUM     1.33891E+05 Bq
0  TOTAL ALPHA HEAT PRODUCTION          0.00000E+00 kW
   TOTAL BETA  HEAT PRODUCTION          1.11700E-12 kW
   TOTAL GAMMA HEAT PRODUCTION          1.40570E-11 kW              TOTAL HEAT PRODUCTION 1.51740E-11 kW
0  INITIAL TOTAL MASS OF MATERIAL       1.00000E+00 kg              TOTAL HEAT EX TRITIUM 1.51740E-11 kW
0  TOTAL MASS OF MATERIAL               1.00000E-06 kg
   NEUTRON  FLUX DURING INTERVAL        1.11680E+10 n/cm**2/s
0  NUMBER OF FISSIONS                   0.00000E+00                 BURN-UP OF ACTINIDES  0.00000E+00 %
0  Total Displacement Rate (n,Ddiss) =  1.83745E+07 Displacements/sec  =  1.79814E-12 Displacements Per Atom/sec  =  5.67450E-05 DPA/year
   Total Displacement Rate (n,Dinel) =  4.99844E+07 Displacements/sec  =  4.89151E-12 Displacements Per Atom/sec  =  1.54364E-04 DPA/year
   Total Displacement Rate (n,Del  ) =  6.29963E+07 Displacements/sec  =  6.16487E-12 Displacements Per Atom/sec  =  1.94548E-04 DPA/year
   Total Displacement Rate (n,Dtot ) =  2.55619E+08 Displacements/sec  =  2.50151E-11 Displacements Per Atom/sec  =  7.89416E-04 DPA/year
0  KERMA RATE (n,Kktot) =  6.64772E+11 eV/sec = 1.06508E-10 kW/kg = 8.38646E-13 kW/cm^3
   KERMA RATE (n,Kphot) =  5.03172E+11 eV/sec = 8.06170E-11 kW/kg = 6.34778E-13 kW/cm^3
   KERMA RATE (n,Kfiss) =  0.00000E+00 eV/sec = 0.00000E+00 kW/kg = 0.00000E+00 kW/cm^3
   KERMA RATE (n,Kinel) =  4.09837E+11 eV/sec = 6.56631E-11 kW/kg = 5.17031E-13 kW/cm^3
   KERMA RATE (n,Knone) =  7.06584E+11 eV/sec = 1.13207E-10 kW/kg = 8.91394E-13 kW/cm^3
   KERMA RATE (n,Kel  ) =  1.20858E+10 eV/sec = 1.93636E-12 kW/kg = 1.52469E-14 kW/cm^3
   KERMA RATE (n,Ktot ) =  7.18670E+11 eV/sec = 1.15144E-10 kW/kg = 9.06641E-13 kW/cm^3
0  GAS   RATE (n,Xa   ) =  3.55914E+03 atoms per sec =  3.48300E-10 appm/sec
   GAS   RATE (n,Xh   ) =  1.85497E-06 atoms per sec =  1.81529E-19 appm/sec
   GAS   RATE (n,Xt   ) =  2.47745E+01 atoms per sec =  2.42446E-12 appm/sec
   GAS   RATE (n,Xd   ) =  1.06371E+03 atoms per sec =  1.04096E-10 appm/sec
   GAS   RATE (n,Xp   ) =  1.32415E+04 atoms per sec =  1.29582E-09 appm/sec
0  APPM OF He  4    =  2.7479E-02
   APPM OF He  3    =  1.2810E-05
   APPM OF H   3    =  1.7847E-04
   APPM OF H   2    =  8.2125E-03
   APPM OF H   1    =  1.0223E-01



                                               COMPOSITION  OF  MATERIAL  BY  ELEMENT
                                               --------------------------------------
0                                                             BETA                     GAMMA                     ALPHA
                      ATOMS      GRAM-ATOMS     GRAMS      CURIES-MeV      kW        CURIES-MeV      kW        CURIES-MeV      kW

    1       H       1.1304E+12   1.8771E-12   2.0381E-12   5.0112E-13   2.9707E-18   0.0000E+00   0.0000E+00   0.0000E+00   0.0000E+00
    2       He      2.8093E+11   4.6649E-13   1.8670E-12   0.0000E+00   0.0000E+00   0.0000E+00   0.0000E+00   0.0000E+00   0.0000E+00
   25       Mn      3.1547E+10   5.2385E-14   2.8780E-12   7.0130E-08   4.1573E-13   1.4605E-07   8.6582E-13   0.0000E+00   0.0000E+00
   26       Fe      6.4066E+12   1.0638E-11   6.1553E-10   1.5185E-08   9.0016E-14   1.5253E-07   9.0422E-13   0.0000E+00   0.0000E+00
   27       Co      1.0219E+19   1.6968E-05   1.0000E-03   1.0311E-07   6.1124E-13   2.0727E-06   1.2287E-11   0.0000E+00   0.0000E+00
   28       Ni      2.3092E+10   3.8345E-14   2.2981E-12   0.0000E+00   0.0000E+00   0.0000E+00   0.0000E+00   0.0000E+00   0.0000E+00



                                               GAMMA SPECTRUM AND ENERGIES/SECOND
                                               ----------------------------------

     NEUTRONS PER SECOND ARISING FROM SPONTANEOUS FISSION                    0.00000E+00    Calculated density (g/cc)    7.87
     POWER FROM ALPHA PARTICLES (MeV per Second)                             0.00000E+00
     POWER FROM BETA  PARTICLES (MeV per Second)                             6.97174E+03
     TOTAL GAMMA POWER FROM ACTIVATION  (MeV per Second)                     8.77369E+04    Total gammas (per cc per second)      1.16293E+03
     GAMMA RAY POWER FROM ACTIVATION DECAY  MeV/s    (  0.000-  0.010 MeV)   2.18997E+02    Gammas per group (per cc per second)  3.44876E+02
                                                     (  0.010-  0.020 MeV)   5.75659E-06                                          3.02183E-06
                                                     (  0.020-  0.050 MeV)   4.10776E-01                                          9.24128E-02
                                                     (  0.050-  0.100 MeV)   1.49425E+00                                          1.56876E-01
                                                     (  0.100-  0.200 MeV)   3.32229E+01                                          1.74398E+00
                                                     (  0.200-  0.300 MeV)   4.02057E-09                                          1.26632E-10
                                                     (  0.300-  0.400 MeV)   4.59951E+00                                          1.03476E-01
                                                     (  0.400-  0.600 MeV)   1.18119E+04                                          1.86013E+02
                                                     (  0.600-  0.800 MeV)   4.95703E-06                                          5.57595E-08
                                                     (  0.800-  1.000 MeV)   6.52237E+04                                          5.70635E+02
                                                     (  1.000-  1.220 MeV)   3.60035E+03                                          2.55398E+01
                                                     (  1.220-  1.440 MeV)   3.39279E+03                                          2.00864E+01
                                                     (  1.440-  1.660 MeV)   4.24085E+00                                          2.15435E-02
                                                     (  1.660-  2.000 MeV)   2.24900E+03                                          9.67685E+00
                                                     (  2.000-  2.500 MeV)   9.88231E+02                                          3.45837E+00
                                                     (  2.500-  3.000 MeV)   1.68174E+02                                          4.81528E-01
                                                     (  3.000-  4.000 MeV)   1.81017E+01                                          4.07236E-02
                                                     (  4.000-  5.000 MeV)   0.00000E+00                                          0.00000E+00
                                                     (  5.000-  6.500 MeV)   0.00000E+00                                          0.00000E+00
                                                     (  6.500-  8.000 MeV)   0.00000E+00                                          0.00000E+00
                                                     (  8.000- 10.000 MeV)   0.00000E+00                                          0.00000E+00
                                                     ( 10.000- 12.000 MeV)   0.00000E+00                                          0.00000E+00
                                                     ( 12.000- 14.000 MeV)   0.00000E+00                                          0.00000E+00
                                                     ( 14.000- 20.000 MeV)   0.00000E+00                                          0.00000E+00

    DOSE RATE (PLANE SOURCE) FROM GAMMAS WITH ENERGY 0-20 MeV IS            2.28146E+01 Sieverts/hour   ( 2.28146E+03 Rems/hour)




                                               DOMINANT NUCLIDES
                                               -----------------

      NUCLIDE   ACTIVITY    PERCENT  NUCLIDE     HEAT      PERCENT  NUCLIDE  DOSE RATE    PERCENT 
                  (Bq)      ACTIVITY             (kW)       HEAT              (Sv/hr)    DOSE RATE
       Total   1.3389E+05             Total   1.5174E-11             Total   2.2815E+01
    1  Co 58   7.7047E+04  57.54E+00  Co 58   1.2474E-11  82.21E+00  Co 58   1.9172E+01  84.03E+00
    2  Co 58m  4.7172E+04  35.23E+00  Mn 56   1.2815E-12  84.46E-01  Fe 59   1.6270E+00  71.31E-01
    3  Fe 59   4.7465E+03  35.45E-01  Fe 59   9.9424E-13  65.52E-01  Mn 56   1.6002E+00  70.14E-01
    4  Mn 56   3.1598E+03  23.60E-01  Co 60   2.2988E-13  15.15E-01  Co 60   4.0143E-01  17.60E-01
    5  Co 60m  1.2136E+03  90.64E-02  Co 58m  1.8204E-13  12.00E-01  Co 58m  1.2557E-02  55.04E-03
    6  Co 60   5.5173E+02  41.21E-02  Co 60m  1.2148E-14  80.06E-03  Co 60m  1.6504E-03  72.34E-04
    7  H   3   3.2487E+00  24.26E-04  H   3   2.9707E-18  19.58E-06  Co 57   4.0625E-08  17.81E-08
    8  Co 57   4.3651E-03  32.60E-07  Co 57   1.0036E-19  66.14E-08          0.0000E+00  00.00E+00

      NUCLIDE  GAMMA HEAT   PERCENT  NUCLIDE   BETA HEAT   PERCENT 
                  (kW)       GAMMA               (kW)       BETA
       Total   1.4057E-11             Total   1.1170E-12
    1  Co 58   1.2051E-11  85.73E+00  Co 58   4.2355E-13  37.92E+00
    2  Fe 59   9.0422E-13  64.33E-01  Mn 56   4.1573E-13  37.22E+00
    3  Mn 56   8.6582E-13  61.59E-01  Co 58m  1.6831E-13  15.07E+00
    4  Co 60   2.2133E-13  15.75E-01  Fe 59   9.0016E-14  80.59E-01
    5  Co 58m  1.3729E-14  97.67E-03  Co 60m  1.0829E-14  96.94E-02
    6  Co 60m  1.3196E-15  93.88E-04  Co 60   8.5544E-15  76.58E-02
    7  Co 57   8.7571E-20  62.30E-08  H   3   2.9707E-18  26.60E-05
    8          0.0000E+00  00.00E+00  Co 57   1.2793E-20  11.45E-07
1
                         P A T H W A Y   A N A L Y S I S   F O R   I R R A D I A T I O N   P H A S E
                         ===========================================================================


 no of steps        =      1
 irradiation time   =  7.88940E+07 secs
 flux               =  1.11680E+10 n/cm**2/s

 path floor    =  5.00000E-01% of target inventory
 loop floor    =  1.00000E+00% of path inventory
 max depth     =   10    (maximum number of edges between source and target)

 Pathways are given in order of decreasing dominance of target nuclides as ordered by the dominant nuclide tables above. Target nuclides at the end of the list
 that do not appear above are those that appear in the dominant lists at later cooling time. Pathways are retained if they contribute more than the path floor
 percentage of the number of target  atoms given by the rate equation solution for the time interval. Loops are retained in a pathway if they contribute more
 than the loop floor percentage of the number of target atoms created along the pathway.
 Pathways are analysed between the following source and target nuclides:

 Source Nuclides
  Co 59    

 Target Nuclides
  Co 58      Fe 59      Mn 56      Co 58m     Co 60      Co 60m     Co 57      H   3    

 Listed below are all significant paths and loops ordered by target nuclide. The first line for each target nuclide gives the nuclide name and the percentage
 of the total number of atoms given by the number of significant paths shown. The first line for each pathway indentifies a path or loop, gives its number 
 and its respective percentage contribution to the target nuclide inventory. The remainder of the line gives the nuclides  on the path (or loop) from
 source to target, and the type of graph edge joining them. Edge types (r,R), (d,D) and (b,B) respectively denote reaction, decay and combined reaction
 and decay edges from short and long lived parent. L and S denote short and long lived target nuclides. Short-lived nuclides have half lives less than
 the time interval and long-lived have half live greater. Shown below each edge is a list showing the percentage that each reaction and decay make
 towards the total rate for the edge for primary products. If the edge daughter is a secondary then isomeric state of the primary product of the reaction
 decay is also displayed. Significant loops are displayed directly after their path, and their percentages are their part of the total path percentage.


 Target nuclide Co 58     99.626% of inventory given by  2 paths
 --------------------

 path  1  61.210% Co 59 ---(R)--- Co 58m---(b)--- Co 58 ---(S)--- 
                    100.00%(n,2n)   100.00%(IT)                    
                                      0.00%(n,E)                   
                                      0.00%(n,n)                   

 path  2  38.416% Co 59 ---(R)--- Co 58 ---(S)--- 
                    100.00%(n,2n)                  

 Target nuclide Fe 59     99.878% of inventory given by  1 path
 --------------------

 path  1  99.878% Co 59 ---(R)--- Fe 59 ---(S)--- 
                    100.00%(n,p)                   

 Target nuclide Mn 56    100.000% of inventory given by  1 path
 --------------------

 path  1 100.000% Co 59 ---(R)--- Mn 56 ---(S)--- 
                    100.00%(n,a)                   

 Target nuclide Co 58m   100.000% of inventory given by  1 path
 --------------------

 path  1 100.000% Co 59 ---(R)--- Co 58m---(S)--- 
                    100.00%(n,2n)                  

 Target nuclide Co 60     99.930% of inventory given by  2 paths
 --------------------

 path  1  61.475% Co 59 ---(R)--- Co 60m---(b)--- Co 60 ---(L)--- 
                    100.00%(n,g)    100.00%(IT)                    
                                      0.00%(n,E)                   
                                      0.00%(n,n)                   

 path  2  38.455% Co 59 ---(R)--- Co 60 ---(L)--- 
                    100.00%(n,g)                   

 Target nuclide Co 60m   100.000% of inventory given by  1 path
 --------------------

 path  1 100.000% Co 59 ---(R)--- Co 60m---(S)--- 
                    100.00%(n,g)                   

 Target nuclide Co 57     98.117% of inventory given by  2 paths
 --------------------

 path  1  60.275% Co 59 ---(R)--- Co 58m---(b)--- Co 58 ---(r)--- Co 57 ---(S)--- 
                    100.00%(n,2n)   100.00%(IT)     100.00%(n,2n)                  
                                      0.00%(n,E)                                   
                                      0.00%(n,n)                                   

 path  2  37.842% Co 59 ---(R)--- Co 58 ---(r)--- Co 57 ---(S)--- 
                    100.00%(n,2n)   100.00%(n,2n)                  

 Target nuclide H   3    100.000% of inventory given by  1 path
 --------------------

 path  1 100.000% Co 59 ---(R)--- H   3 ---(L)--- 
                    100.00%(n,t)                   


                         G E N E R I C   P A T H W A Y S  F O R   I R R A D I A T I O N   P H A S E
                         ==========================================================================




 All pathways differing only by an isomeric decay (IT) edge are regarded as the same generic pathway and are shown here. 
 Individual pathways are shown above.
 Each generic pathway (gpath) has a path number, the percentage of the target nuclide atoms generated along the pathway and the source to target edges.



 Target nuclide Co 58     99.626% of inventory given by  1 paths
 --------------------

 path  1  99.626% Co 59 ---(R)--- Co 58 ---(S)--- 
 This generic pathway is the sum of  2 pathways

 Target nuclide Co 60     99.930% of inventory given by  1 paths
 --------------------

 path  1  99.930% Co 59 ---(R)--- Co 60 ---(L)--- 
 This generic pathway is the sum of  2 pathways

 Target nuclide Co 57     98.117% of inventory given by  1 paths
 --------------------

 path  1  98.117% Co 59 ---(R)--- Co 58 ---(r)--- Co 57 ---(S)--- 
 This generic pathway is the sum of  2 pathways
1 * * * TIME INTERVAL   3 * * * COOLING TIME IS   3.1558E+06 SECS OR  3.6525E+01 DAYS  * * * ELAPSED TIME IS  36.525 d   * * * FLUX AMP IS  0.0000E+00 /cm^2/s  * * *
  NUCLIDE        ATOMS         GRAMS        Bq       b-Energy    a-Energy   g-Energy    DOSE RATE                                                            
                                                        kW          kW         kW         Sv/hr                                                              

  H   1    #  1.04468E+12   1.748E-12   0.000E+00   0.000E+00   0.00E+00   0.000E+00   0.000E+00                                                            
  H   2    #  8.39206E+10   2.807E-13   0.000E+00   0.000E+00   0.00E+00   0.000E+00   0.000E+00                                                            
  H   3       1.81345E+09   9.082E-15   3.230E+00   2.954E-18   0.00E+00   0.000E+00   0.000E+00                                                            
  He  3    #  1.41111E+08   7.067E-16   0.000E+00   0.000E+00   0.00E+00   0.000E+00   0.000E+00                                                            
  He  4    #  2.80795E+11   1.866E-12   0.000E+00   0.000E+00   0.00E+00   0.000E+00   0.000E+00                                                            
  Mn 55    #  3.15045E+10   2.874E-12   0.000E+00   0.000E+00   0.00E+00   0.000E+00   0.000E+00                                                            
  Fe 56    #> 2.49290E+11   2.315E-11   0.000E+00   0.000E+00   0.00E+00   0.000E+00   0.000E+00                                                            
  Fe 57    #> 1.95678E+09   1.850E-13   0.000E+00   0.000E+00   0.00E+00   0.000E+00   0.000E+00                                                            
  Fe 58    #> 6.32566E+12   6.085E-10   0.000E+00   0.000E+00   0.00E+00   0.000E+00   0.000E+00                                                            
  Fe 59  ?    1.55466E+10   1.521E-12   2.803E+03   5.316E-14   0.00E+00   5.340E-13   9.608E-01                                                            
  Co 57       1.34907E+05   1.275E-17   3.982E-03   1.167E-20   0.00E+00   7.989E-20   3.706E-08                                                            
  Co 58       4.86101E+11   4.677E-11   5.503E+04   3.025E-13   0.00E+00   8.608E-12   1.369E+01                                                            
  Co 59    #> 1.02186E+19   1.000E-03   0.000E+00   0.000E+00   0.00E+00   0.000E+00   0.000E+00                                                            
  Co 60       1.30675E+11   1.301E-11   5.445E+02   8.443E-15   0.00E+00   2.184E-13   3.962E-01                                                            
  Ni 60    #  2.48183E+10   2.470E-12   0.000E+00   0.000E+00   0.00E+00   0.000E+00   0.000E+00                                                            
0  TOTAL NUMBER OF NUCLIDES PRINTED IN INVENTORY =   15
0  TOTAL CURIES   TOTAL ALPHA   TOTAL BETA    TOTAL GAMMA
                  CURIE-MeV     CURIE-MeV     CURIE-MeV
   1.57799E-06   0.00000E+00   6.14275E-08   1.57896E-06
0  ALPHA BECQUERELS = 0.000000E+00  BETA BECQUERELS = 5.838568E+04  GAMMA BECQUERELS = 0.000000E+00
0  TOTAL ACTIVITY FOR ALL MATERIALS     5.83857E+04 Bq
   TOTAL ACTIVITY EXCLUDING TRITIUM     5.83824E+04 Bq
0  TOTAL ALPHA HEAT PRODUCTION          0.00000E+00 kW
   TOTAL BETA  HEAT PRODUCTION          3.64145E-13 kW
   TOTAL GAMMA HEAT PRODUCTION          9.36016E-12 kW              TOTAL HEAT PRODUCTION 9.72430E-12 kW
0  INITIAL TOTAL MASS OF MATERIAL       1.00000E+00 kg              TOTAL HEAT EX TRITIUM 9.72430E-12 kW
0  TOTAL MASS OF MATERIAL               1.00000E-06 kg
   NEUTRON  FLUX DURING INTERVAL        0.00000E+00 n/cm**2/s
0  NUMBER OF FISSIONS                   0.00000E+00                 BURN-UP OF ACTINIDES  0.00000E+00 %
0  APPM OF He  4    =  2.7479E-02
   APPM OF He  3    =  1.3809E-05
   APPM OF H   3    =  1.7747E-04
   APPM OF H   2    =  8.2125E-03
   APPM OF H   1    =  1.0223E-01



                                               COMPOSITION  OF  MATERIAL  BY  ELEMENT
                                               --------------------------------------
0                                                             BETA                     GAMMA                     ALPHA
                      ATOMS      GRAM-ATOMS     GRAMS      CURIES-MeV      kW        CURIES-MeV      kW        CURIES-MeV      kW

    1       H       1.1304E+12   1.8771E-12   2.0381E-12   4.9831E-13   2.9540E-18   0.0000E+00   0.0000E+00   0.0000E+00   0.0000E+00
    2       He      2.8094E+11   4.6650E-13   1.8670E-12   0.0000E+00   0.0000E+00   0.0000E+00   0.0000E+00   0.0000E+00   0.0000E+00
   25       Mn      3.1504E+10   5.2314E-14   2.8741E-12   0.0000E+00   0.0000E+00   0.0000E+00   0.0000E+00   0.0000E+00   0.0000E+00
   26       Fe      6.5925E+12   1.0947E-11   6.3339E-10   8.9674E-09   5.3159E-14   9.0079E-08   5.3399E-13   0.0000E+00   0.0000E+00
   27       Co      1.0219E+19   1.6968E-05   1.0000E-03   5.2460E-08   3.1098E-13   1.4889E-06   8.8262E-12   0.0000E+00   0.0000E+00
   28       Ni      2.4818E+10   4.1212E-14   2.4699E-12   0.0000E+00   0.0000E+00   0.0000E+00   0.0000E+00   0.0000E+00   0.0000E+00



                                               GAMMA SPECTRUM AND ENERGIES/SECOND
                                               ----------------------------------

     NEUTRONS PER SECOND ARISING FROM SPONTANEOUS FISSION                    0.00000E+00    Calculated density (g/cc)    7.87
     POWER FROM ALPHA PARTICLES (MeV per Second)                             0.00000E+00
     POWER FROM BETA  PARTICLES (MeV per Second)                             2.27282E+03
     TOTAL GAMMA POWER FROM ACTIVATION  (MeV per Second)                     5.84215E+04    Total gammas (per cc per second)      7.05057E+02
     GAMMA RAY POWER FROM ACTIVATION DECAY  MeV/s    (  0.000-  0.010 MeV)   9.36603E+01    Gammas per group (per cc per second)  1.47496E+02
                                                     (  0.010-  0.020 MeV)   5.25137E-06                                          2.75662E-06
                                                     (  0.020-  0.050 MeV)   0.00000E+00                                          0.00000E+00
                                                     (  0.050-  0.100 MeV)   0.00000E+00                                          0.00000E+00
                                                     (  0.100-  0.200 MeV)   1.96201E+01                                          1.02993E+00
                                                     (  0.200-  0.300 MeV)   3.66770E-09                                          1.15518E-10
                                                     (  0.300-  0.400 MeV)   2.72196E+00                                          6.12363E-02
                                                     (  0.400-  0.600 MeV)   8.43720E+03                                          1.32869E+02
                                                     (  0.600-  0.800 MeV)   4.52198E-06                                          5.08658E-08
                                                     (  0.800-  1.000 MeV)   4.47003E+04                                          3.91078E+02
                                                     (  1.000-  1.220 MeV)   2.38161E+03                                          1.68944E+01
                                                     (  1.220-  1.440 MeV)   2.28985E+03                                          1.35566E+01
                                                     (  1.440-  1.660 MeV)   2.50445E+00                                          1.27226E-02
                                                     (  1.660-  2.000 MeV)   4.78473E+02                                          2.05874E+00
                                                     (  2.000-  2.500 MeV)   1.41051E-02                                          4.93615E-05
                                                     (  2.500-  3.000 MeV)   2.72889E-05                                          7.81355E-08
                                                     (  3.000-  4.000 MeV)   0.00000E+00                                          0.00000E+00
                                                     (  4.000-  5.000 MeV)   0.00000E+00                                          0.00000E+00
                                                     (  5.000-  6.500 MeV)   0.00000E+00                                          0.00000E+00
                                                     (  6.500-  8.000 MeV)   0.00000E+00                                          0.00000E+00
                                                     (  8.000- 10.000 MeV)   0.00000E+00                                          0.00000E+00
                                                     ( 10.000- 12.000 MeV)   0.00000E+00                                          0.00000E+00
                                                     ( 12.000- 14.000 MeV)   0.00000E+00                                          0.00000E+00
                                                     ( 14.000- 20.000 MeV)   0.00000E+00                                          0.00000E+00

    DOSE RATE (PLANE SOURCE) FROM GAMMAS WITH ENERGY 0-20 MeV IS            1.50514E+01 Sieverts/hour   ( 1.50514E+03 Rems/hour)




                                               DOMINANT NUCLIDES
                                               -----------------

      NUCLIDE   ACTIVITY    PERCENT  NUCLIDE     HEAT      PERCENT  NUCLIDE  DOSE RATE    PERCENT 
                  (Bq)      ACTIVITY             (kW)       HEAT              (Sv/hr)    DOSE RATE
       Total   5.8386E+04             Total   9.7243E-12             Total   1.5051E+01
    1  Co 58   5.5035E+04  94.26E+00  Co 58   8.9103E-12  91.63E+00  Co 58   1.3694E+01  90.98E+00
    2  Fe 59   2.8031E+03  48.01E-01  Fe 59   5.8715E-13  60.38E-01  Fe 59   9.6084E-01  63.84E-01
    3  Co 60   5.4454E+02  93.27E-02  Co 60   2.2689E-13  23.33E-01  Co 60   3.9620E-01  26.32E-01
    4  H   3   3.2305E+00  55.33E-04  H   3   2.9540E-18  30.38E-06  Co 57   3.7060E-08  24.62E-08
    5  Co 57   3.9820E-03  68.20E-07  Co 57   9.1556E-20  94.15E-08          0.0000E+00  00.00E+00

      NUCLIDE  GAMMA HEAT   PERCENT  NUCLIDE   BETA HEAT   PERCENT 
                  (kW)       GAMMA               (kW)       BETA
       Total   9.3602E-12             Total   3.6415E-13
    1  Co 58   8.6077E-12  91.96E+00  Co 58   3.0254E-13  83.08E+00
    2  Fe 59   5.3399E-13  57.05E-01  Fe 59   5.3159E-14  14.60E+00
    3  Co 60   2.1845E-13  23.34E-01  Co 60   8.4430E-15  23.19E-01
    4  Co 57   7.9885E-20  85.35E-08  H   3   2.9540E-18  81.12E-05
    5          0.0000E+00  00.00E+00  Co 57   1.1670E-20  32.05E-07
1 * * * TIME INTERVAL   4 * * * COOLING TIME IS   2.8402E+07 SECS OR  3.2873E+02 DAYS  * * * ELAPSED TIME IS   1.000 y   * * * FLUX AMP IS  0.0000E+00 /cm^2/s  * * *
  NUCLIDE        ATOMS         GRAMS        Bq       b-Energy    a-Energy   g-Energy    DOSE RATE                                                            
                                                        kW          kW         kW         Sv/hr                                                              

  H   1    #  1.04468E+12   1.748E-12   0.000E+00   0.000E+00   0.00E+00   0.000E+00   0.000E+00                                                            
  H   2    #  8.39206E+10   2.807E-13   0.000E+00   0.000E+00   0.00E+00   0.000E+00   0.000E+00                                                            
  H   3       1.72398E+09   8.634E-15   3.071E+00   2.808E-18   0.00E+00   0.000E+00   0.000E+00                                                            
  He  3    #  2.30579E+08   1.155E-15   0.000E+00   0.000E+00   0.00E+00   0.000E+00   0.000E+00                                                            
  He  4    #  2.80795E+11   1.866E-12   0.000E+00   0.000E+00   0.00E+00   0.000E+00   0.000E+00                                                            
  Mn 55    #  3.15045E+10   2.874E-12   0.000E+00   0.000E+00   0.00E+00   0.000E+00   0.000E+00                                                            
  Fe 56    #> 2.49290E+11   2.315E-11   0.000E+00   0.000E+00   0.00E+00   0.000E+00   0.000E+00                                                            
  Fe 57    #> 1.95685E+09   1.850E-13   0.000E+00   0.000E+00   0.00E+00   0.000E+00   0.000E+00                                                            
  Fe 58    #> 6.79242E+12   6.534E-10   0.000E+00   0.000E+00   0.00E+00   0.000E+00   0.000E+00                                                            
  Fe 59       8.44499E+07   8.265E-15   1.523E+01   2.888E-16   0.00E+00   2.901E-15   5.219E-03                                                            
  Co 58  ?    1.93409E+10   1.861E-12   2.190E+03   1.204E-14   0.00E+00   3.425E-13   5.449E-01                                                            
  Co 59    #> 1.02186E+19   1.000E-03   0.000E+00   0.000E+00   0.00E+00   0.000E+00   0.000E+00                                                            
  Co 60       1.16089E+11   1.155E-11   4.838E+02   7.501E-15   0.00E+00   1.941E-13   3.520E-01                                                            
  Ni 60    #  3.94038E+10   3.921E-12   0.000E+00   0.000E+00   0.00E+00   0.000E+00   0.000E+00                                                            
0  TOTAL NUMBER OF NUCLIDES PRINTED IN INVENTORY =   14
0  TOTAL CURIES   TOTAL ALPHA   TOTAL BETA    TOTAL GAMMA
                  CURIE-MeV     CURIE-MeV     CURIE-MeV
   7.27505E-08   0.00000E+00   3.34504E-09   9.09990E-08
0  ALPHA BECQUERELS = 0.000000E+00  BETA BECQUERELS = 2.691770E+03  GAMMA BECQUERELS = 0.000000E+00
0  TOTAL ACTIVITY FOR ALL MATERIALS     2.69177E+03 Bq
   TOTAL ACTIVITY EXCLUDING TRITIUM     2.68870E+03 Bq
0  TOTAL ALPHA HEAT PRODUCTION          0.00000E+00 kW
   TOTAL BETA  HEAT PRODUCTION          1.98295E-14 kW
   TOTAL GAMMA HEAT PRODUCTION          5.39447E-13 kW              TOTAL HEAT PRODUCTION 5.59277E-13 kW
0  INITIAL TOTAL MASS OF MATERIAL       1.00000E+00 kg              TOTAL HEAT EX TRITIUM 5.59274E-13 kW
0  TOTAL MASS OF MATERIAL               1.00000E-06 kg
   NEUTRON  FLUX DURING INTERVAL        0.00000E+00 n/cm**2/s
0  NUMBER OF FISSIONS                   0.00000E+00                 BURN-UP OF ACTINIDES  0.00000E+00 %
0  APPM OF He  4    =  2.7479E-02
   APPM OF He  3    =  2.2565E-05
   APPM OF H   3    =  1.6871E-04
   APPM OF H   2    =  8.2125E-03
   APPM OF H   1    =  1.0223E-01



                                               COMPOSITION  OF  MATERIAL  BY  ELEMENT
                                               --------------------------------------
0                                                             BETA                     GAMMA                     ALPHA
                      ATOMS      GRAM-ATOMS     GRAMS      CURIES-MeV      kW        CURIES-MeV      kW        CURIES-MeV      kW

    1       H       1.1303E+12   1.8769E-12   2.0376E-12   4.7373E-13   2.8083E-18   0.0000E+00   0.0000E+00   0.0000E+00   0.0000E+00
    2       He      2.8103E+11   4.6665E-13   1.8675E-12   0.0000E+00   0.0000E+00   0.0000E+00   0.0000E+00   0.0000E+00   0.0000E+00
   25       Mn      3.1505E+10   5.2314E-14   2.8741E-12   0.0000E+00   0.0000E+00   0.0000E+00   0.0000E+00   0.0000E+00   0.0000E+00
   26       Fe      7.0438E+12   1.1696E-11   6.7678E-10   4.8712E-11   2.8876E-16   4.8931E-10   2.9007E-15   0.0000E+00   0.0000E+00
   27       Co      1.0219E+19   1.6968E-05   1.0000E-03   3.2958E-09   1.9538E-14   9.0510E-08   5.3655E-13   0.0000E+00   0.0000E+00
   28       Ni      3.9404E+10   6.5432E-14   3.9214E-12   0.0000E+00   0.0000E+00   0.0000E+00   0.0000E+00   0.0000E+00   0.0000E+00



                                               GAMMA SPECTRUM AND ENERGIES/SECOND
                                               ----------------------------------

     NEUTRONS PER SECOND ARISING FROM SPONTANEOUS FISSION                    0.00000E+00    Calculated density (g/cc)    7.87
     POWER FROM ALPHA PARTICLES (MeV per Second)                             0.00000E+00
     POWER FROM BETA  PARTICLES (MeV per Second)                             1.23766E+02
     TOTAL GAMMA POWER FROM ACTIVATION  (MeV per Second)                     3.36696E+03    Total gammas (per cc per second)      3.47573E+01
     GAMMA RAY POWER FROM ACTIVATION DECAY  MeV/s    (  0.000-  0.010 MeV)   3.72679E+00    Gammas per group (per cc per second)  5.86895E+00
                                                     (  0.010-  0.020 MeV)   0.00000E+00                                          0.00000E+00
                                                     (  0.020-  0.050 MeV)   0.00000E+00                                          0.00000E+00
                                                     (  0.050-  0.100 MeV)   0.00000E+00                                          0.00000E+00
                                                     (  0.100-  0.200 MeV)   1.06575E-01                                          5.59447E-03
                                                     (  0.200-  0.300 MeV)   0.00000E+00                                          0.00000E+00
                                                     (  0.300-  0.400 MeV)   2.73037E-02                                          6.14255E-04
                                                     (  0.400-  0.600 MeV)   3.35698E+02                                          5.28657E+00
                                                     (  0.600-  0.800 MeV)   0.00000E+00                                          0.00000E+00
                                                     (  0.800-  1.000 MeV)   1.77856E+03                                          1.55604E+01
                                                     (  1.000-  1.220 MeV)   5.76180E+02                                          4.08725E+00
                                                     (  1.220-  1.440 MeV)   6.52989E+02                                          3.86589E+00
                                                     (  1.440-  1.660 MeV)   1.36043E-02                                          6.91100E-05
                                                     (  1.660-  2.000 MeV)   1.90374E+01                                          8.19128E-02
                                                     (  2.000-  2.500 MeV)   1.25307E-02                                          4.38519E-05
                                                     (  2.500-  3.000 MeV)   2.42430E-05                                          6.94142E-08
                                                     (  3.000-  4.000 MeV)   0.00000E+00                                          0.00000E+00
                                                     (  4.000-  5.000 MeV)   0.00000E+00                                          0.00000E+00
                                                     (  5.000-  6.500 MeV)   0.00000E+00                                          0.00000E+00
                                                     (  6.500-  8.000 MeV)   0.00000E+00                                          0.00000E+00
                                                     (  8.000- 10.000 MeV)   0.00000E+00                                          0.00000E+00
                                                     ( 10.000- 12.000 MeV)   0.00000E+00                                          0.00000E+00
                                                     ( 12.000- 14.000 MeV)   0.00000E+00                                          0.00000E+00
                                                     ( 14.000- 20.000 MeV)   0.00000E+00                                          0.00000E+00

    DOSE RATE (PLANE SOURCE) FROM GAMMAS WITH ENERGY 0-20 MeV IS            9.02065E-01 Sieverts/hour   ( 9.02065E+01 Rems/hour)




                                               DOMINANT NUCLIDES
                                               -----------------

      NUCLIDE   ACTIVITY    PERCENT  NUCLIDE     HEAT      PERCENT  NUCLIDE  DOSE RATE    PERCENT 
                  (Bq)      ACTIVITY             (kW)       HEAT              (Sv/hr)    DOSE RATE
       Total   2.6918E+03             Total   5.5928E-13             Total   9.0207E-01
    1  Co 58   2.1897E+03  81.35E+00  Co 58   3.5452E-13  63.39E+00  Co 58   5.4487E-01  60.40E+00
    2  Co 60   4.8376E+02  17.97E+00  Co 60   2.0156E-13  36.04E+00  Co 60   3.5198E-01  39.02E+00
    3  Fe 59   1.5226E+01  56.57E-02  Fe 59   3.1894E-15  57.03E-02  Fe 59   5.2193E-03  57.86E-02
    4  H   3   3.0711E+00  11.41E-02  H   3   2.8083E-18  50.21E-05          0.0000E+00  00.00E+00

      NUCLIDE  GAMMA HEAT   PERCENT  NUCLIDE   BETA HEAT   PERCENT 
                  (kW)       GAMMA               (kW)       BETA
       Total   5.3945E-13             Total   1.9830E-14
    1  Co 58   3.4248E-13  63.49E+00  Co 58   1.2037E-14  60.70E+00
    2  Co 60   1.9406E-13  35.97E+00  Co 60   7.5006E-15  37.83E+00
    3  Fe 59   2.9007E-15  53.77E-02  Fe 59   2.8876E-16  14.56E-01
    4          0.0000E+00  00.00E+00  H   3   2.8083E-18  14.16E-03
1                                                            Summary Output

0           Time       Cumulative   Activity               Dose rate             Heat output           Ingestion dose        Inhalation dose        Tritium activity
           (step)       (Years)      (Bq)                   (Sv/h)                (kW)                    (Sv)                   (Sv)                  (Bq)
 -----Irradiation Phase-----
 Irradn     2.500 y     2.50E+00   1.34E+05 +/-    6.7%   2.28E+01 +/-    8.7%   1.52E-11 +/-    8.5%   0.00E+00 +/-    0.0%   0.00E+00 +/-    0.0%   3.25E+00
 -----Cooling Phase-----
 Cooling   36.525 d     1.00E-01   5.84E+04 +/-    9.6%   1.51E+01 +/-    9.3%   9.72E-12 +/-    9.4%   0.00E+00 +/-    0.0%   0.00E+00 +/-    0.0%   3.23E+00
 Cooling  328.725 d     1.00E+00   2.69E+03 +/-    8.4%   9.02E-01 +/-    6.7%   5.59E-13 +/-    6.9%   0.00E+00 +/-    0.0%   0.00E+00 +/-    0.0%   3.07E+00
0              Time                    Beta Heat              Gamma Heat          Mean Beta Energy      Mean Gamma Energy
                    (Years)            (kW)                   (kW)                   (MeV)                  (MeV)
 -----Irradiation Phase-----
 Irradn     2.500 y     2.50E+00   1.12E-12 +/-    0.1%   1.41E-11 +/-    0.1%   0.00E+00 +/-    0.0%   6.55E-01 +/-    0.1%
 -----Cooling Phase-----
 Cooling   36.525 d     1.00E-01   3.64E-13 +/-    0.1%   9.36E-12 +/-    0.1%   2.66E-02 +/-    0.1%   1.00E+00 +/-    0.1%
 Cooling  328.725 d     1.00E+00   1.98E-14 +/-    0.1%   5.39E-13 +/-    0.1%   2.12E-03 +/-    0.1%   1.25E+00 +/-    0.1%
0 Mass of material input =  1.0000E+00 kg.

  Total irradiation time =  7.889400E+07 s
  Total fluence          =  8.810861E+17 n/cm2
  Mean flux              =  1.116797E+10 n/cm2/s
  Number of on-times     =    1

fispact run time=                   3.1600     secs


 ------------------------------------------------------------------
 Files that have been opened during this run.
 ------------------------------------------------------------------
 The numbers after the unit names are the internal unit numbers.

 input( 5)       simulation5.i
 collapxi(12)    COLLAPX
 arrayx(13)      ARRAYX
 ind_nuc(18)     /nuclear_data/TENDL2015data/tendl15_decay12_index
 output(38)      simulation5.out
 absorp(39)      /nuclear_data/decay/abs_2012
 runlog(48)      simulation5.log
 ind_nuco(49)    ind_nuco
 ------------------------------------------------------------------



     Run timestamp:12:44:01 13 January 2018        

     Current time: 12:44:05 13 January 2018        
